Copyright 1986-2022 Xilinx, Inc. All Rights Reserved. Copyright 2022-2025 Advanced Micro Devices, Inc. All Rights Reserved.
---------------------------------------------------------------------------------------------------------------------------------------------
| Tool Version : Vivado v.2025.2 (lin64) Build 6299465 Fri Nov 14 12:34:56 MST 2025
| Date         : Fri Nov 21 02:08:49 2025
| Host         : alex-cattop running 64-bit Linux Mint 22.1
| Command      : upgrade_ip
| Device       : xc7a100tcsg324-2
---------------------------------------------------------------------------------------------------------------------------------------------

Upgrade Log for IP 'clock_divider'

1. Summary
----------

SUCCESS in the upgrade of clock_divider (xilinx.com:ip:clk_wiz:6.0) from (Rev. 16) to (Rev. 17)






Copyright 1986-2022 Xilinx, Inc. All Rights Reserved. Copyright 2022-2025 Advanced Micro Devices, Inc. All Rights Reserved.
---------------------------------------------------------------------------------------------------------------------------------------------
| Tool Version : Vivado v.2025.2 (lin64) Build 6299465 Fri Nov 14 12:34:56 MST 2025
| Date         : Fri Nov 21 02:08:48 2025
| Host         : alex-cattop running 64-bit Linux Mint 22.1
| Command      : upgrade_ip
| Device       : xc7a100tcsg324-2
---------------------------------------------------------------------------------------------------------------------------------------------

Upgrade Log for IP 'HDMI_MMCM_Mode34_30Hz'

1. Summary
----------

SUCCESS in the upgrade of HDMI_MMCM_Mode34_30Hz (xilinx.com:ip:clk_wiz:6.0) from (Rev. 16) to (Rev. 17)






Copyright 1986-2022 Xilinx, Inc. All Rights Reserved. Copyright 2022-2025 Advanced Micro Devices, Inc. All Rights Reserved.
---------------------------------------------------------------------------------------------------------------------------------------------
| Tool Version : Vivado v.2025.2 (lin64) Build 6299465 Fri Nov 14 12:34:56 MST 2025
| Date         : Fri Nov 21 02:08:47 2025
| Host         : alex-cattop running 64-bit Linux Mint 22.1
| Command      : upgrade_ip
| Device       : xc7a100tcsg324-2
---------------------------------------------------------------------------------------------------------------------------------------------

Upgrade Log for IP 'HDMI_MMCM_Mode2_59Hz'

1. Summary
----------

SUCCESS in the upgrade of HDMI_MMCM_Mode2_59Hz (xilinx.com:ip:clk_wiz:6.0) from (Rev. 16) to (Rev. 17)

